<?xml version="1.0" encoding="UTF-8"?>
<testng-results skipped="0" failed="0" total="1" passed="1">
  <reporter-output>
  </reporter-output>
  <suite name="Suite" duration-ms="34456" started-at="2019-07-26T07:13:37Z" finished-at="2019-07-26T07:14:11Z">
    <groups>
    </groups>
    <test name="Testmaven" duration-ms="34456" started-at="2019-07-26T07:13:37Z" finished-at="2019-07-26T07:14:11Z">
      <class name="testmaven.Testmaven1">
        <test-method status="PASS" signature="f()[pri:0, instance:testmaven.Testmaven1@566776ad]" name="f" duration-ms="34416" started-at="2019-07-26T12:43:37Z" finished-at="2019-07-26T12:44:11Z">
          <reporter-output>
          </reporter-output>
        </test-method> <!-- f -->
      </class> <!-- testmaven.Testmaven1 -->
    </test> <!-- Testmaven -->
  </suite> <!-- Suite -->
</testng-results>
