<?xml version="1.0" encoding="UTF-8"?>
<testng-results skipped="0" failed="0" total="1" passed="1">
  <reporter-output>
  </reporter-output>
  <suite name="Suite" duration-ms="27112" started-at="2019-07-26T16:03:51Z" finished-at="2019-07-26T16:04:18Z">
    <groups>
    </groups>
    <test name="Testmaven" duration-ms="27112" started-at="2019-07-26T16:03:51Z" finished-at="2019-07-26T16:04:18Z">
      <class name="testmaven.Testmaven1">
        <test-method status="PASS" signature="f()[pri:0, instance:testmaven.Testmaven1@35f983a6]" name="f" duration-ms="27088" started-at="2019-07-26T21:33:51Z" finished-at="2019-07-26T21:34:18Z">
          <reporter-output>
          </reporter-output>
        </test-method> <!-- f -->
      </class> <!-- testmaven.Testmaven1 -->
    </test> <!-- Testmaven -->
  </suite> <!-- Suite -->
</testng-results>
