<?xml version="1.0" encoding="UTF-8"?>
<testng-results skipped="0" failed="0" total="1" passed="1">
  <reporter-output>
  </reporter-output>
  <suite name="Suite" duration-ms="65032" started-at="2019-07-26T06:20:57Z" finished-at="2019-07-26T06:22:02Z">
    <groups>
    </groups>
    <test name="Testmaven" duration-ms="65032" started-at="2019-07-26T06:20:57Z" finished-at="2019-07-26T06:22:02Z">
      <class name="testmaven.Testmaven1">
        <test-method status="PASS" signature="f()[pri:0, instance:testmaven.Testmaven1@675d3402]" name="f" duration-ms="64998" started-at="2019-07-26T11:50:57Z" finished-at="2019-07-26T11:52:02Z">
          <reporter-output>
          </reporter-output>
        </test-method> <!-- f -->
      </class> <!-- testmaven.Testmaven1 -->
    </test> <!-- Testmaven -->
  </suite> <!-- Suite -->
</testng-results>
